2023-03-28T07:47:04+09:00	log.eid	{"c":"d2d02ea74de2c9fab1d802db969c18d409a8663a9697977bb1c98ccdd9de4372","i":"main3","s":"2023/3/28 7:46:35","e":"2023/3/28 7:46:35","t":"マウスログ　サンプル","y":"chrome","z":"PC","p":119276960469765}
2023-03-28T07:47:04+09:00	log.eid	{"c":"d2d02ea74de2c9fab1d802db969c18d409a8663a9697977bb1c98ccdd9de4372","i":"main4","s":"2023/3/28 7:46:36","e":"2023/3/28 7:46:36","t":"マウスログ　サンプル","y":"chrome","z":"PC","p":119276960469765}
2023-03-28T07:47:07+09:00	log.eid	{"c":"d2d02ea74de2c9fab1d802db969c18d409a8663a9697977bb1c98ccdd9de4372","i":"main4","s":"2023/3/28 7:46:39","e":"2023/3/28 7:46:39","t":"マウスログ　サンプル","y":"chrome","z":"PC","p":119276960469765}
2023-03-28T07:47:07+09:00	log.eid	{"c":"d2d02ea74de2c9fab1d802db969c18d409a8663a9697977bb1c98ccdd9de4372","i":"ko","s":"2023/3/28 7:46:39","e":"2023/3/28 7:46:39","t":"マウスログ　サンプル","y":"chrome","z":"PC","p":119276960469765}
2023-03-28T07:47:07+09:00	log.eid	{"c":"d2d02ea74de2c9fab1d802db969c18d409a8663a9697977bb1c98ccdd9de4372","i":"oya","s":"2023/3/28 7:46:39","e":"2023/3/28 7:46:39","t":"マウスログ　サンプル","y":"chrome","z":"PC","p":119276960469765}
2023-03-28T07:47:08+09:00	log.eid	{"c":"d2d02ea74de2c9fab1d802db969c18d409a8663a9697977bb1c98ccdd9de4372","i":"matome","s":"2023/3/28 7:46:39","e":"2023/3/28 7:46:40","t":"マウスログ　サンプル","y":"chrome","z":"PC","p":119276960469765}
2023-03-28T07:47:08+09:00	log.eid	{"c":"d2d02ea74de2c9fab1d802db969c18d409a8663a9697977bb1c98ccdd9de4372","i":"ko","s":"2023/3/28 7:46:40","e":"2023/3/28 7:46:40","t":"マウスログ　サンプル","y":"chrome","z":"PC","p":119276960469765}
2023-03-28T07:47:08+09:00	log.eid	{"c":"d2d02ea74de2c9fab1d802db969c18d409a8663a9697977bb1c98ccdd9de4372","i":"oya","s":"2023/3/28 7:46:40","e":"2023/3/28 7:46:40","t":"マウスログ　サンプル","y":"chrome","z":"PC","p":119276960469765}
2023-03-28T07:47:08+09:00	log.eid	{"c":"d2d02ea74de2c9fab1d802db969c18d409a8663a9697977bb1c98ccdd9de4372","i":"main4","s":"2023/3/28 7:46:40","e":"2023/3/28 7:46:40","t":"マウスログ　サンプル","y":"chrome","z":"PC","p":119276960469765}
2023-03-28T07:47:11+09:00	log.eid	{"c":"d2d02ea74de2c9fab1d802db969c18d409a8663a9697977bb1c98ccdd9de4372","i":"main3","s":"2023/3/28 7:46:42","e":"2023/3/28 7:46:43","t":"マウスログ　サンプル","y":"chrome","z":"PC","p":119276960469765}
2023-03-28T07:47:12+09:00	log.eid	{"c":"d2d02ea74de2c9fab1d802db969c18d409a8663a9697977bb1c98ccdd9de4372","i":"main3","s":"2023/3/28 7:46:44","e":"2023/3/28 7:46:44","t":"マウスログ　サンプル","y":"chrome","z":"PC","p":119276960469765}
2023-03-28T07:47:12+09:00	log.eid	{"c":"d2d02ea74de2c9fab1d802db969c18d409a8663a9697977bb1c98ccdd9de4372","i":"main4","s":"2023/3/28 7:46:44","e":"2023/3/28 7:46:44","t":"マウスログ　サンプル","y":"chrome","z":"PC","p":119276960469765}
2023-03-28T07:47:12+09:00	log.eid	{"c":"d2d02ea74de2c9fab1d802db969c18d409a8663a9697977bb1c98ccdd9de4372","i":"ko","s":"2023/3/28 7:46:44","e":"2023/3/28 7:46:44","t":"マウスログ　サンプル","y":"chrome","z":"PC","p":119276960469765}
2023-03-28T07:47:12+09:00	log.eid	{"c":"d2d02ea74de2c9fab1d802db969c18d409a8663a9697977bb1c98ccdd9de4372","i":"oya","s":"2023/3/28 7:46:44","e":"2023/3/28 7:46:44","t":"マウスログ　サンプル","y":"chrome","z":"PC","p":119276960469765}
2023-03-28T07:47:12+09:00	log.eid	{"c":"d2d02ea74de2c9fab1d802db969c18d409a8663a9697977bb1c98ccdd9de4372","i":"matome","s":"2023/3/28 7:46:44","e":"2023/3/28 7:46:44","t":"マウスログ　サンプル","y":"chrome","z":"PC","p":119276960469765}
2023-03-28T07:47:17+09:00	log.eid	{"c":"d2d02ea74de2c9fab1d802db969c18d409a8663a9697977bb1c98ccdd9de4372","i":"matome","s":"2023/3/28 7:46:49","e":"2023/3/28 7:46:49","t":"マウスログ　サンプル","y":"chrome","z":"PC","p":119276960469765}
2023-03-28T07:47:17+09:00	log.eid	{"c":"d2d02ea74de2c9fab1d802db969c18d409a8663a9697977bb1c98ccdd9de4372","i":"ko","s":"2023/3/28 7:46:49","e":"2023/3/28 7:46:49","t":"マウスログ　サンプル","y":"chrome","z":"PC","p":119276960469765}
2023-03-28T07:47:17+09:00	log.eid	{"c":"d2d02ea74de2c9fab1d802db969c18d409a8663a9697977bb1c98ccdd9de4372","i":"oya","s":"2023/3/28 7:46:49","e":"2023/3/28 7:46:49","t":"マウスログ　サンプル","y":"chrome","z":"PC","p":119276960469765}
2023-03-28T07:47:17+09:00	log.eid	{"c":"d2d02ea74de2c9fab1d802db969c18d409a8663a9697977bb1c98ccdd9de4372","i":"main4","s":"2023/3/28 7:46:49","e":"2023/3/28 7:46:49","t":"マウスログ　サンプル","y":"chrome","z":"PC","p":119276960469765}
2023-03-28T07:47:18+09:00	log.eid	{"c":"d2d02ea74de2c9fab1d802db969c18d409a8663a9697977bb1c98ccdd9de4372","i":"main4","s":"2023/3/28 7:46:50","e":"2023/3/28 7:46:50","t":"マウスログ　サンプル","y":"chrome","z":"PC","p":119276960469765}
2023-03-28T07:47:18+09:00	log.eid	{"c":"d2d02ea74de2c9fab1d802db969c18d409a8663a9697977bb1c98ccdd9de4372","i":"ko","s":"2023/3/28 7:46:50","e":"2023/3/28 7:46:50","t":"マウスログ　サンプル","y":"chrome","z":"PC","p":119276960469765}
2023-03-28T07:47:18+09:00	log.eid	{"c":"d2d02ea74de2c9fab1d802db969c18d409a8663a9697977bb1c98ccdd9de4372","i":"oya","s":"2023/3/28 7:46:50","e":"2023/3/28 7:46:50","t":"マウスログ　サンプル","y":"chrome","z":"PC","p":119276960469765}
2023-03-28T07:47:18+09:00	log.eid	{"c":"d2d02ea74de2c9fab1d802db969c18d409a8663a9697977bb1c98ccdd9de4372","i":"matome","s":"2023/3/28 7:46:50","e":"2023/3/28 7:46:50","t":"マウスログ　サンプル","y":"chrome","z":"PC","p":119276960469765}
2023-03-28T07:48:21+09:00	log.eid	{"c":"d2d02ea74de2c9fab1d802db969c18d409a8663a9697977bb1c98ccdd9de4372","i":"main4","s":"2023/3/28 7:47:53","e":"2023/3/28 7:47:53","t":"マウスログ　サンプル","y":"chrome","z":"PC","p":119276960469765}
2023-03-28T07:48:21+09:00	log.eid	{"c":"d2d02ea74de2c9fab1d802db969c18d409a8663a9697977bb1c98ccdd9de4372","i":"ko","s":"2023/3/28 7:47:53","e":"2023/3/28 7:47:53","t":"マウスログ　サンプル","y":"chrome","z":"PC","p":119276960469765}
2023-03-28T07:48:21+09:00	log.eid	{"c":"d2d02ea74de2c9fab1d802db969c18d409a8663a9697977bb1c98ccdd9de4372","i":"oya","s":"2023/3/28 7:47:53","e":"2023/3/28 7:47:53","t":"マウスログ　サンプル","y":"chrome","z":"PC","p":119276960469765}
2023-03-28T07:48:21+09:00	log.eid	{"c":"d2d02ea74de2c9fab1d802db969c18d409a8663a9697977bb1c98ccdd9de4372","i":"matome","s":"2023/3/28 7:47:53","e":"2023/3/28 7:47:53","t":"マウスログ　サンプル","y":"chrome","z":"PC","p":119276960469765}
2023-03-28T07:48:22+09:00	log.eid	{"c":"d2d02ea74de2c9fab1d802db969c18d409a8663a9697977bb1c98ccdd9de4372","i":"matome","s":"2023/3/28 7:47:53","e":"2023/3/28 7:47:53","t":"マウスログ　サンプル","y":"chrome","z":"PC","p":119276960469765}
2023-03-28T07:48:22+09:00	log.eid	{"c":"d2d02ea74de2c9fab1d802db969c18d409a8663a9697977bb1c98ccdd9de4372","i":"ko","s":"2023/3/28 7:47:53","e":"2023/3/28 7:47:53","t":"マウスログ　サンプル","y":"chrome","z":"PC","p":119276960469765}
2023-03-28T07:48:22+09:00	log.eid	{"c":"d2d02ea74de2c9fab1d802db969c18d409a8663a9697977bb1c98ccdd9de4372","i":"oya","s":"2023/3/28 7:47:53","e":"2023/3/28 7:47:53","t":"マウスログ　サンプル","y":"chrome","z":"PC","p":119276960469765}
2023-03-28T07:48:22+09:00	log.eid	{"c":"d2d02ea74de2c9fab1d802db969c18d409a8663a9697977bb1c98ccdd9de4372","i":"main4","s":"2023/3/28 7:47:53","e":"2023/3/28 7:47:53","t":"マウスログ　サンプル","y":"chrome","z":"PC","p":119276960469765}
2023-03-28T07:48:22+09:00	log.eid	{"c":"d2d02ea74de2c9fab1d802db969c18d409a8663a9697977bb1c98ccdd9de4372","i":"main4","s":"2023/3/28 7:47:54","e":"2023/3/28 7:47:54","t":"マウスログ　サンプル","y":"chrome","z":"PC","p":119276960469765}
2023-03-28T07:48:22+09:00	log.eid	{"c":"d2d02ea74de2c9fab1d802db969c18d409a8663a9697977bb1c98ccdd9de4372","i":"ko","s":"2023/3/28 7:47:54","e":"2023/3/28 7:47:54","t":"マウスログ　サンプル","y":"chrome","z":"PC","p":119276960469765}
2023-03-28T07:48:22+09:00	log.eid	{"c":"d2d02ea74de2c9fab1d802db969c18d409a8663a9697977bb1c98ccdd9de4372","i":"oya","s":"2023/3/28 7:47:54","e":"2023/3/28 7:47:54","t":"マウスログ　サンプル","y":"chrome","z":"PC","p":119276960469765}
2023-03-28T07:48:22+09:00	log.eid	{"c":"d2d02ea74de2c9fab1d802db969c18d409a8663a9697977bb1c98ccdd9de4372","i":"matome","s":"2023/3/28 7:47:54","e":"2023/3/28 7:47:54","t":"マウスログ　サンプル","y":"chrome","z":"PC","p":119276960469765}
2023-03-28T07:48:49+09:00	log.eid	{"c":"d2d02ea74de2c9fab1d802db969c18d409a8663a9697977bb1c98ccdd9de4372","i":"main3","s":"2023/3/28 7:48:20","e":"2023/3/28 7:48:21","t":"マウスログ　サンプル","y":"chrome","z":"PC","p":119276960469765}
2023-03-28T07:48:49+09:00	log.eid	{"c":"d2d02ea74de2c9fab1d802db969c18d409a8663a9697977bb1c98ccdd9de4372","i":"main2","s":"2023/3/28 7:48:21","e":"2023/3/28 7:48:21","t":"マウスログ　サンプル","y":"chrome","z":"PC","p":119276960469765}
2023-03-28T07:48:49+09:00	log.eid	{"c":"d2d02ea74de2c9fab1d802db969c18d409a8663a9697977bb1c98ccdd9de4372","i":"main1","s":"2023/3/28 7:48:21","e":"2023/3/28 7:48:21","t":"マウスログ　サンプル","y":"chrome","z":"PC","p":119276960469765}
2023-03-28T07:48:49+09:00	log.eid	{"c":"d2d02ea74de2c9fab1d802db969c18d409a8663a9697977bb1c98ccdd9de4372","i":"title","s":"2023/3/28 7:48:21","e":"2023/3/28 7:48:21","t":"マウスログ　サンプル","y":"chrome","z":"PC","p":119276960469765}
2023-03-28T07:48:53+09:00	log.eid	{"c":"d2d02ea74de2c9fab1d802db969c18d409a8663a9697977bb1c98ccdd9de4372","i":"title","s":"2023/3/28 7:48:25","e":"2023/3/28 7:48:25","t":"マウスログ　サンプル","y":"chrome","z":"PC","p":119276960469765}
2023-03-28T07:48:53+09:00	log.eid	{"c":"d2d02ea74de2c9fab1d802db969c18d409a8663a9697977bb1c98ccdd9de4372","i":"main1","s":"2023/3/28 7:48:25","e":"2023/3/28 7:48:25","t":"マウスログ　サンプル","y":"chrome","z":"PC","p":119276960469765}
2023-03-28T07:48:53+09:00	log.eid	{"c":"d2d02ea74de2c9fab1d802db969c18d409a8663a9697977bb1c98ccdd9de4372","i":"main2","s":"2023/3/28 7:48:25","e":"2023/3/28 7:48:25","t":"マウスログ　サンプル","y":"chrome","z":"PC","p":119276960469765}
2023-03-28T07:48:53+09:00	log.eid	{"c":"d2d02ea74de2c9fab1d802db969c18d409a8663a9697977bb1c98ccdd9de4372","i":"main3","s":"2023/3/28 7:48:25","e":"2023/3/28 7:48:25","t":"マウスログ　サンプル","y":"chrome","z":"PC","p":119276960469765}
2023-03-28T07:48:53+09:00	log.eid	{"c":"d2d02ea74de2c9fab1d802db969c18d409a8663a9697977bb1c98ccdd9de4372","i":"main4","s":"2023/3/28 7:48:25","e":"2023/3/28 7:48:25","t":"マウスログ　サンプル","y":"chrome","z":"PC","p":119276960469765}
2023-03-28T07:48:53+09:00	log.eid	{"c":"d2d02ea74de2c9fab1d802db969c18d409a8663a9697977bb1c98ccdd9de4372","i":"ko","s":"2023/3/28 7:48:25","e":"2023/3/28 7:48:25","t":"マウスログ　サンプル","y":"chrome","z":"PC","p":119276960469765}
2023-03-28T07:48:53+09:00	log.eid	{"c":"d2d02ea74de2c9fab1d802db969c18d409a8663a9697977bb1c98ccdd9de4372","i":"oya","s":"2023/3/28 7:48:25","e":"2023/3/28 7:48:25","t":"マウスログ　サンプル","y":"chrome","z":"PC","p":119276960469765}
2023-03-28T07:48:54+09:00	log.eid	{"c":"d2d02ea74de2c9fab1d802db969c18d409a8663a9697977bb1c98ccdd9de4372","i":"matome","s":"2023/3/28 7:48:25","e":"2023/3/28 7:48:26","t":"マウスログ　サンプル","y":"chrome","z":"PC","p":119276960469765}
2023-03-28T07:48:54+09:00	log.eid	{"c":"d2d02ea74de2c9fab1d802db969c18d409a8663a9697977bb1c98ccdd9de4372","i":"ko","s":"2023/3/28 7:48:26","e":"2023/3/28 7:48:26","t":"マウスログ　サンプル","y":"chrome","z":"PC","p":119276960469765}
2023-03-28T07:48:54+09:00	log.eid	{"c":"d2d02ea74de2c9fab1d802db969c18d409a8663a9697977bb1c98ccdd9de4372","i":"oya","s":"2023/3/28 7:48:26","e":"2023/3/28 7:48:26","t":"マウスログ　サンプル","y":"chrome","z":"PC","p":119276960469765}
2023-03-28T07:48:54+09:00	log.eid	{"c":"d2d02ea74de2c9fab1d802db969c18d409a8663a9697977bb1c98ccdd9de4372","i":"main4","s":"2023/3/28 7:48:26","e":"2023/3/28 7:48:26","t":"マウスログ　サンプル","y":"chrome","z":"PC","p":119276960469765}
2023-03-28T07:48:54+09:00	log.eid	{"c":"d2d02ea74de2c9fab1d802db969c18d409a8663a9697977bb1c98ccdd9de4372","i":"main3","s":"2023/3/28 7:48:26","e":"2023/3/28 7:48:26","t":"マウスログ　サンプル","y":"chrome","z":"PC","p":119276960469765}
2023-03-28T07:48:54+09:00	log.eid	{"c":"d2d02ea74de2c9fab1d802db969c18d409a8663a9697977bb1c98ccdd9de4372","i":"main4","s":"2023/3/28 7:48:26","e":"2023/3/28 7:48:26","t":"マウスログ　サンプル","y":"chrome","z":"PC","p":119276960469765}
2023-03-28T07:48:54+09:00	log.eid	{"c":"d2d02ea74de2c9fab1d802db969c18d409a8663a9697977bb1c98ccdd9de4372","i":"ko","s":"2023/3/28 7:48:26","e":"2023/3/28 7:48:26","t":"マウスログ　サンプル","y":"chrome","z":"PC","p":119276960469765}
2023-03-28T07:48:54+09:00	log.eid	{"c":"d2d02ea74de2c9fab1d802db969c18d409a8663a9697977bb1c98ccdd9de4372","i":"oya","s":"2023/3/28 7:48:26","e":"2023/3/28 7:48:26","t":"マウスログ　サンプル","y":"chrome","z":"PC","p":119276960469765}
2023-03-28T07:49:05+09:00	log.eid	{"c":"d2d02ea74de2c9fab1d802db969c18d409a8663a9697977bb1c98ccdd9de4372","i":"main2","s":"2023/3/28 7:48:37","e":"2023/3/28 7:48:37","t":"マウスログ　サンプル","y":"chrome","z":"PC","p":119276960469765}
2023-03-28T07:49:05+09:00	log.eid	{"c":"d2d02ea74de2c9fab1d802db969c18d409a8663a9697977bb1c98ccdd9de4372","i":"main1","s":"2023/3/28 7:48:37","e":"2023/3/28 7:48:37","t":"マウスログ　サンプル","y":"chrome","z":"PC","p":119276960469765}
2023-03-28T07:49:06+09:00	log.eid	{"c":"d2d02ea74de2c9fab1d802db969c18d409a8663a9697977bb1c98ccdd9de4372","i":"title","s":"2023/3/28 7:48:37","e":"2023/3/28 7:48:37","t":"マウスログ　サンプル","y":"chrome","z":"PC","p":119276960469765}
2023-03-28T07:49:06+09:00	log.eid	{"c":"d2d02ea74de2c9fab1d802db969c18d409a8663a9697977bb1c98ccdd9de4372","i":"main1","s":"2023/3/28 7:48:37","e":"2023/3/28 7:48:37","t":"マウスログ　サンプル","y":"chrome","z":"PC","p":119276960469765}
2023-03-28T07:49:06+09:00	log.eid	{"c":"d2d02ea74de2c9fab1d802db969c18d409a8663a9697977bb1c98ccdd9de4372","i":"main2","s":"2023/3/28 7:48:37","e":"2023/3/28 7:48:37","t":"マウスログ　サンプル","y":"chrome","z":"PC","p":119276960469765}
2023-03-28T07:49:06+09:00	log.eid	{"c":"d2d02ea74de2c9fab1d802db969c18d409a8663a9697977bb1c98ccdd9de4372","i":"main3","s":"2023/3/28 7:48:37","e":"2023/3/28 7:48:38","t":"マウスログ　サンプル","y":"chrome","z":"PC","p":119276960469765}
2023-03-28T07:49:06+09:00	log.eid	{"c":"d2d02ea74de2c9fab1d802db969c18d409a8663a9697977bb1c98ccdd9de4372","i":"main4","s":"2023/3/28 7:48:38","e":"2023/3/28 7:48:38","t":"マウスログ　サンプル","y":"chrome","z":"PC","p":119276960469765}
2023-03-28T07:49:06+09:00	log.eid	{"c":"d2d02ea74de2c9fab1d802db969c18d409a8663a9697977bb1c98ccdd9de4372","i":"ko","s":"2023/3/28 7:48:38","e":"2023/3/28 7:48:38","t":"マウスログ　サンプル","y":"chrome","z":"PC","p":119276960469765}
2023-03-28T07:49:07+09:00	log.eid	{"c":"d2d02ea74de2c9fab1d802db969c18d409a8663a9697977bb1c98ccdd9de4372","i":"oya","s":"2023/3/28 7:48:38","e":"2023/3/28 7:48:38","t":"マウスログ　サンプル","y":"chrome","z":"PC","p":119276960469765}
2023-03-28T07:49:07+09:00	log.eid	{"c":"d2d02ea74de2c9fab1d802db969c18d409a8663a9697977bb1c98ccdd9de4372","i":"matome","s":"2023/3/28 7:48:38","e":"2023/3/28 7:48:39","t":"マウスログ　サンプル","y":"chrome","z":"PC","p":119276960469765}
2023-03-28T07:49:07+09:00	log.eid	{"c":"d2d02ea74de2c9fab1d802db969c18d409a8663a9697977bb1c98ccdd9de4372","i":"ko","s":"2023/3/28 7:48:39","e":"2023/3/28 7:48:39","t":"マウスログ　サンプル","y":"chrome","z":"PC","p":119276960469765}
2023-03-28T07:49:07+09:00	log.eid	{"c":"d2d02ea74de2c9fab1d802db969c18d409a8663a9697977bb1c98ccdd9de4372","i":"oya","s":"2023/3/28 7:48:39","e":"2023/3/28 7:48:39","t":"マウスログ　サンプル","y":"chrome","z":"PC","p":119276960469765}
2023-03-28T07:49:07+09:00	log.eid	{"c":"d2d02ea74de2c9fab1d802db969c18d409a8663a9697977bb1c98ccdd9de4372","i":"main4","s":"2023/3/28 7:48:39","e":"2023/3/28 7:48:39","t":"マウスログ　サンプル","y":"chrome","z":"PC","p":119276960469765}
2023-03-28T07:49:08+09:00	log.eid	{"c":"d2d02ea74de2c9fab1d802db969c18d409a8663a9697977bb1c98ccdd9de4372","i":"main3","s":"2023/3/28 7:48:39","e":"2023/3/28 7:48:40","t":"マウスログ　サンプル","y":"chrome","z":"PC","p":119276960469765}
2023-03-28T07:49:08+09:00	log.eid	{"c":"d2d02ea74de2c9fab1d802db969c18d409a8663a9697977bb1c98ccdd9de4372","i":"main2","s":"2023/3/28 7:48:40","e":"2023/3/28 7:48:40","t":"マウスログ　サンプル","y":"chrome","z":"PC","p":119276960469765}
2023-03-28T07:49:19+09:00	log.eid	{"c":"d2d02ea74de2c9fab1d802db969c18d409a8663a9697977bb1c98ccdd9de4372","i":"main3","s":"2023/3/28 7:48:51","e":"2023/3/28 7:48:51","t":"マウスログ　サンプル","y":"chrome","z":"PC","p":119276960469765}
2023-03-28T07:49:19+09:00	log.eid	{"c":"d2d02ea74de2c9fab1d802db969c18d409a8663a9697977bb1c98ccdd9de4372","i":"main4","s":"2023/3/28 7:48:51","e":"2023/3/28 7:48:51","t":"マウスログ　サンプル","y":"chrome","z":"PC","p":119276960469765}
2023-03-28T07:49:19+09:00	log.eid	{"c":"d2d02ea74de2c9fab1d802db969c18d409a8663a9697977bb1c98ccdd9de4372","i":"ko","s":"2023/3/28 7:48:51","e":"2023/3/28 7:48:51","t":"マウスログ　サンプル","y":"chrome","z":"PC","p":119276960469765}
2023-03-28T07:49:19+09:00	log.eid	{"c":"d2d02ea74de2c9fab1d802db969c18d409a8663a9697977bb1c98ccdd9de4372","i":"oya","s":"2023/3/28 7:48:51","e":"2023/3/28 7:48:51","t":"マウスログ　サンプル","y":"chrome","z":"PC","p":119276960469765}
2023-03-28T07:49:19+09:00	log.eid	{"c":"d2d02ea74de2c9fab1d802db969c18d409a8663a9697977bb1c98ccdd9de4372","i":"matome","s":"2023/3/28 7:48:51","e":"2023/3/28 7:48:51","t":"マウスログ　サンプル","y":"chrome","z":"PC","p":119276960469765}
2023-03-28T07:49:19+09:00	log.eid	{"c":"d2d02ea74de2c9fab1d802db969c18d409a8663a9697977bb1c98ccdd9de4372","i":"ko","s":"2023/3/28 7:48:51","e":"2023/3/28 7:48:51","t":"マウスログ　サンプル","y":"chrome","z":"PC","p":119276960469765}
2023-03-28T07:49:19+09:00	log.eid	{"c":"d2d02ea74de2c9fab1d802db969c18d409a8663a9697977bb1c98ccdd9de4372","i":"oya","s":"2023/3/28 7:48:51","e":"2023/3/28 7:48:51","t":"マウスログ　サンプル","y":"chrome","z":"PC","p":119276960469765}
2023-03-28T07:49:22+09:00	log.eid	{"c":"d2d02ea74de2c9fab1d802db969c18d409a8663a9697977bb1c98ccdd9de4372","i":"main3","s":"2023/3/28 7:48:53","e":"2023/3/28 7:48:54","t":"マウスログ　サンプル","y":"chrome","z":"PC","p":119276960469765}
2023-03-28T07:49:22+09:00	log.eid	{"c":"d2d02ea74de2c9fab1d802db969c18d409a8663a9697977bb1c98ccdd9de4372","i":"main2","s":"2023/3/28 7:48:54","e":"2023/3/28 7:48:54","t":"マウスログ　サンプル","y":"chrome","z":"PC","p":119276960469765}
2023-03-28T07:49:22+09:00	log.eid	{"c":"d2d02ea74de2c9fab1d802db969c18d409a8663a9697977bb1c98ccdd9de4372","i":"main1","s":"2023/3/28 7:48:54","e":"2023/3/28 7:48:54","t":"マウスログ　サンプル","y":"chrome","z":"PC","p":119276960469765}
2023-03-28T07:49:22+09:00	log.eid	{"c":"d2d02ea74de2c9fab1d802db969c18d409a8663a9697977bb1c98ccdd9de4372","i":"main2","s":"2023/3/28 7:48:54","e":"2023/3/28 7:48:54","t":"マウスログ　サンプル","y":"chrome","z":"PC","p":119276960469765}
2023-03-28T07:49:22+09:00	log.eid	{"c":"d2d02ea74de2c9fab1d802db969c18d409a8663a9697977bb1c98ccdd9de4372","i":"main3","s":"2023/3/28 7:48:54","e":"2023/3/28 7:48:54","t":"マウスログ　サンプル","y":"chrome","z":"PC","p":119276960469765}
2023-03-28T07:49:23+09:00	log.eid	{"c":"d2d02ea74de2c9fab1d802db969c18d409a8663a9697977bb1c98ccdd9de4372","i":"main4","s":"2023/3/28 7:48:54","e":"2023/3/28 7:48:54","t":"マウスログ　サンプル","y":"chrome","z":"PC","p":119276960469765}
2023-03-28T07:49:23+09:00	log.eid	{"c":"d2d02ea74de2c9fab1d802db969c18d409a8663a9697977bb1c98ccdd9de4372","i":"main3","s":"2023/3/28 7:48:55","e":"2023/3/28 7:48:55","t":"マウスログ　サンプル","y":"chrome","z":"PC","p":119276960469765}
2023-03-28T07:49:28+09:00	log.eid	{"c":"d2d02ea74de2c9fab1d802db969c18d409a8663a9697977bb1c98ccdd9de4372","i":"main4","s":"2023/3/28 7:49:00","e":"2023/3/28 7:49:00","t":"マウスログ　サンプル","y":"chrome","z":"PC","p":119276960469765}
2023-03-28T07:49:28+09:00	log.eid	{"c":"d2d02ea74de2c9fab1d802db969c18d409a8663a9697977bb1c98ccdd9de4372","i":"oya","s":"2023/3/28 7:49:00","e":"2023/3/28 7:49:00","t":"マウスログ　サンプル","y":"chrome","z":"PC","p":119276960469765}
2023-03-28T07:49:28+09:00	log.eid	{"c":"d2d02ea74de2c9fab1d802db969c18d409a8663a9697977bb1c98ccdd9de4372","i":"main4","s":"2023/3/28 7:49:00","e":"2023/3/28 7:49:00","t":"マウスログ　サンプル","y":"chrome","z":"PC","p":119276960469765}
2023-03-28T07:49:29+09:00	log.eid	{"c":"d2d02ea74de2c9fab1d802db969c18d409a8663a9697977bb1c98ccdd9de4372","i":"main3","s":"2023/3/28 7:49:00","e":"2023/3/28 7:49:00","t":"マウスログ　サンプル","y":"chrome","z":"PC","p":119276960469765}
2023-03-28T07:49:31+09:00	log.eid	{"c":"d2d02ea74de2c9fab1d802db969c18d409a8663a9697977bb1c98ccdd9de4372","i":"main3","s":"2023/3/28 7:49:03","e":"2023/3/28 7:49:03","t":"マウスログ　サンプル","y":"chrome","z":"PC","p":119276960469765}
2023-03-28T07:49:32+09:00	log.eid	{"c":"d2d02ea74de2c9fab1d802db969c18d409a8663a9697977bb1c98ccdd9de4372","i":"main3","s":"2023/3/28 7:49:04","e":"2023/3/28 7:49:04","t":"マウスログ　サンプル","y":"chrome","z":"PC","p":119276960469765}
2023-03-28T07:49:32+09:00	log.eid	{"c":"d2d02ea74de2c9fab1d802db969c18d409a8663a9697977bb1c98ccdd9de4372","i":"main2","s":"2023/3/28 7:49:04","e":"2023/3/28 7:49:04","t":"マウスログ　サンプル","y":"chrome","z":"PC","p":119276960469765}
2023-03-28T07:49:33+09:00	log.eid	{"c":"d2d02ea74de2c9fab1d802db969c18d409a8663a9697977bb1c98ccdd9de4372","i":"main1","s":"2023/3/28 7:49:04","e":"2023/3/28 7:49:04","t":"マウスログ　サンプル","y":"chrome","z":"PC","p":119276960469765}
2023-03-28T07:49:33+09:00	log.eid	{"c":"d2d02ea74de2c9fab1d802db969c18d409a8663a9697977bb1c98ccdd9de4372","i":"main2","s":"2023/3/28 7:49:04","e":"2023/3/28 7:49:05","t":"マウスログ　サンプル","y":"chrome","z":"PC","p":119276960469765}
2023-03-28T07:49:33+09:00	log.eid	{"c":"d2d02ea74de2c9fab1d802db969c18d409a8663a9697977bb1c98ccdd9de4372","i":"main3","s":"2023/3/28 7:49:05","e":"2023/3/28 7:49:05","t":"マウスログ　サンプル","y":"chrome","z":"PC","p":119276960469765}
2023-03-28T07:49:38+09:00	log.eid	{"c":"d2d02ea74de2c9fab1d802db969c18d409a8663a9697977bb1c98ccdd9de4372","i":"matome","s":"2023/3/28 7:49:09","e":"2023/3/28 7:49:10","t":"マウスログ　サンプル","y":"chrome","z":"PC","p":119276960469765}
2023-03-28T07:49:38+09:00	log.eid	{"c":"d2d02ea74de2c9fab1d802db969c18d409a8663a9697977bb1c98ccdd9de4372","i":"ko","s":"2023/3/28 7:49:10","e":"2023/3/28 7:49:10","t":"マウスログ　サンプル","y":"chrome","z":"PC","p":119276960469765}
2023-03-28T07:49:38+09:00	log.eid	{"c":"d2d02ea74de2c9fab1d802db969c18d409a8663a9697977bb1c98ccdd9de4372","i":"oya","s":"2023/3/28 7:49:10","e":"2023/3/28 7:49:10","t":"マウスログ　サンプル","y":"chrome","z":"PC","p":119276960469765}
2023-03-28T07:49:38+09:00	log.eid	{"c":"d2d02ea74de2c9fab1d802db969c18d409a8663a9697977bb1c98ccdd9de4372","i":"main4","s":"2023/3/28 7:49:10","e":"2023/3/28 7:49:10","t":"マウスログ　サンプル","y":"chrome","z":"PC","p":119276960469765}
2023-03-28T07:49:41+09:00	log.eid	{"c":"d2d02ea74de2c9fab1d802db969c18d409a8663a9697977bb1c98ccdd9de4372","i":"main3","s":"2023/3/28 7:49:13","e":"2023/3/28 7:49:13","t":"マウスログ　サンプル","y":"chrome","z":"PC","p":31919189684352}
2023-03-28T07:49:41+09:00	log.eid	{"c":"d2d02ea74de2c9fab1d802db969c18d409a8663a9697977bb1c98ccdd9de4372","i":"main2","s":"2023/3/28 7:49:13","e":"2023/3/28 7:49:13","t":"マウスログ　サンプル","y":"chrome","z":"PC","p":31919189684352}
2023-03-28T07:49:42+09:00	log.eid	{"c":"d2d02ea74de2c9fab1d802db969c18d409a8663a9697977bb1c98ccdd9de4372","i":"main3","s":"2023/3/28 7:49:13","e":"2023/3/28 7:49:13","t":"マウスログ　サンプル","y":"chrome","z":"PC","p":31919189684352}
2023-03-28T07:49:42+09:00	log.eid	{"c":"d2d02ea74de2c9fab1d802db969c18d409a8663a9697977bb1c98ccdd9de4372","i":"main4","s":"2023/3/28 7:49:14","e":"2023/3/28 7:49:14","t":"マウスログ　サンプル","y":"chrome","z":"PC","p":31919189684352}
2023-03-28T07:49:42+09:00	log.eid	{"c":"d2d02ea74de2c9fab1d802db969c18d409a8663a9697977bb1c98ccdd9de4372","i":"ko","s":"2023/3/28 7:49:14","e":"2023/3/28 7:49:14","t":"マウスログ　サンプル","y":"chrome","z":"PC","p":31919189684352}
2023-03-28T07:49:42+09:00	log.eid	{"c":"d2d02ea74de2c9fab1d802db969c18d409a8663a9697977bb1c98ccdd9de4372","i":"oya","s":"2023/3/28 7:49:14","e":"2023/3/28 7:49:14","t":"マウスログ　サンプル","y":"chrome","z":"PC","p":31919189684352}
2023-03-28T07:49:43+09:00	log.eid	{"c":"d2d02ea74de2c9fab1d802db969c18d409a8663a9697977bb1c98ccdd9de4372","i":"matome","s":"2023/3/28 7:49:14","e":"2023/3/28 7:49:14","t":"マウスログ　サンプル","y":"chrome","z":"PC","p":31919189684352}
2023-03-28T07:49:43+09:00	log.eid	{"c":"d2d02ea74de2c9fab1d802db969c18d409a8663a9697977bb1c98ccdd9de4372","i":"ko","s":"2023/3/28 7:49:14","e":"2023/3/28 7:49:14","t":"マウスログ　サンプル","y":"chrome","z":"PC","p":31919189684352}
2023-03-28T07:49:43+09:00	log.eid	{"c":"d2d02ea74de2c9fab1d802db969c18d409a8663a9697977bb1c98ccdd9de4372","i":"oya","s":"2023/3/28 7:49:14","e":"2023/3/28 7:49:15","t":"マウスログ　サンプル","y":"chrome","z":"PC","p":31919189684352}
2023-03-28T07:49:43+09:00	log.eid	{"c":"d2d02ea74de2c9fab1d802db969c18d409a8663a9697977bb1c98ccdd9de4372","i":"main4","s":"2023/3/28 7:49:15","e":"2023/3/28 7:49:15","t":"マウスログ　サンプル","y":"chrome","z":"PC","p":31919189684352}
2023-03-28T07:49:43+09:00	log.eid	{"c":"d2d02ea74de2c9fab1d802db969c18d409a8663a9697977bb1c98ccdd9de4372","i":"main3","s":"2023/3/28 7:49:15","e":"2023/3/28 7:49:15","t":"マウスログ　サンプル","y":"chrome","z":"PC","p":31919189684352}
2023-03-28T07:49:44+09:00	log.eid	{"c":"d2d02ea74de2c9fab1d802db969c18d409a8663a9697977bb1c98ccdd9de4372","i":"main4","s":"2023/3/28 7:49:16","e":"2023/3/28 7:49:16","t":"マウスログ　サンプル","y":"chrome","z":"PC","p":31919189684352}
2023-03-28T07:49:44+09:00	log.eid	{"c":"d2d02ea74de2c9fab1d802db969c18d409a8663a9697977bb1c98ccdd9de4372","i":"ko","s":"2023/3/28 7:49:16","e":"2023/3/28 7:49:16","t":"マウスログ　サンプル","y":"chrome","z":"PC","p":31919189684352}
2023-03-28T07:49:44+09:00	log.eid	{"c":"d2d02ea74de2c9fab1d802db969c18d409a8663a9697977bb1c98ccdd9de4372","i":"oya","s":"2023/3/28 7:49:16","e":"2023/3/28 7:49:16","t":"マウスログ　サンプル","y":"chrome","z":"PC","p":31919189684352}
